<?xml version="1.0" encoding="UTF-8"?>
<!-- Generated by org.testng.reporters.JUnitXMLReporter -->
<testsuite ignored="6" hostname="arbazjalshi" failures="0" tests="1" name="Default test" time="17.145" errors="0" timestamp="2023-09-04T08:10:43 IST">
  <testcase classname="com.DemoQA.Widgets" name="testAutoComplete" time="6.882"/>
  <testcase classname="com.DemoQA.Widgets" name="testAccordian" time="0.0">
    <ignored/>
  </testcase> <!-- testAccordian -->
  <testcase classname="com.DemoQA.Widgets" name="testProgrssBar" time="0.0">
    <ignored/>
  </testcase> <!-- testProgrssBar -->
  <testcase classname="com.DemoQA.Widgets" name="testSlider" time="0.0">
    <ignored/>
  </testcase> <!-- testSlider -->
  <testcase classname="com.DemoQA.Widgets" name="testDatePicker" time="0.0">
    <ignored/>
  </testcase> <!-- testDatePicker -->
  <testcase classname="com.DemoQA.Widgets" name="testToolTip" time="0.0">
    <ignored/>
  </testcase> <!-- testToolTip -->
  <testcase classname="com.DemoQA.Widgets" name="testMenu" time="0.0">
    <ignored/>
  </testcase> <!-- testMenu -->
</testsuite> <!-- Default test -->
