<?xml version="1.0" encoding="UTF-8"?>
<testng-results ignored="0" total="26" passed="25" failed="1" skipped="0">
  <reporter-output>
  </reporter-output>
  <suite started-at="2023-09-04T18:58:10 IST" name="Suite" finished-at="2023-09-04T19:09:44 IST" duration-ms="693481">
    <groups>
    </groups>
    <test started-at="2023-09-04T18:58:10 IST" name="Test" finished-at="2023-09-04T19:09:44 IST" duration-ms="693481">
      <class name="com.DemoQA.Widgets">
        <test-method is-config="true" signature="setUp()[pri:0, instance:com.DemoQA.Widgets@5e2c3d18]" started-at="2023-09-04T19:04:35 IST" name="setUp" finished-at="2023-09-04T19:04:47 IST" duration-ms="11776" status="PASS">
          <reporter-output>
          </reporter-output>
        </test-method> <!-- setUp -->
        <test-method signature="testAccordian()[pri:0, instance:com.DemoQA.Widgets@5e2c3d18]" started-at="2023-09-04T19:04:47 IST" name="testAccordian" finished-at="2023-09-04T19:04:54 IST" duration-ms="7225" status="PASS">
          <reporter-output>
          </reporter-output>
        </test-method> <!-- testAccordian -->
        <test-method is-config="true" signature="tearDown()[pri:0, instance:com.DemoQA.Widgets@5e2c3d18]" started-at="2023-09-04T19:04:54 IST" name="tearDown" finished-at="2023-09-04T19:04:54 IST" duration-ms="300" status="PASS">
          <reporter-output>
          </reporter-output>
        </test-method> <!-- tearDown -->
        <test-method is-config="true" signature="setUp()[pri:0, instance:com.DemoQA.Widgets@5e2c3d18]" started-at="2023-09-04T19:04:54 IST" name="setUp" finished-at="2023-09-04T19:05:09 IST" duration-ms="14508" status="PASS">
          <reporter-output>
          </reporter-output>
        </test-method> <!-- setUp -->
        <test-method signature="testAutoComplete()[pri:0, instance:com.DemoQA.Widgets@5e2c3d18]" started-at="2023-09-04T19:05:09 IST" name="testAutoComplete" finished-at="2023-09-04T19:05:23 IST" duration-ms="14491" status="PASS">
          <reporter-output>
          </reporter-output>
        </test-method> <!-- testAutoComplete -->
        <test-method is-config="true" signature="tearDown()[pri:0, instance:com.DemoQA.Widgets@5e2c3d18]" started-at="2023-09-04T19:05:23 IST" name="tearDown" finished-at="2023-09-04T19:05:23 IST" duration-ms="317" status="PASS">
          <reporter-output>
          </reporter-output>
        </test-method> <!-- tearDown -->
        <test-method is-config="true" signature="setUp()[pri:0, instance:com.DemoQA.Widgets@5e2c3d18]" started-at="2023-09-04T19:05:23 IST" name="setUp" finished-at="2023-09-04T19:05:37 IST" duration-ms="13808" status="PASS">
          <reporter-output>
          </reporter-output>
        </test-method> <!-- setUp -->
        <test-method signature="testDatePicker()[pri:0, instance:com.DemoQA.Widgets@5e2c3d18]" started-at="2023-09-04T19:05:37 IST" name="testDatePicker" finished-at="2023-09-04T19:05:56 IST" duration-ms="18741" status="FAIL">
          <exception class="org.openqa.selenium.NoSuchElementException">
            <message>
              <![CDATA[no such element: Unable to locate element: {"method":"xpath","selector":"/html/body/div[2]/div/div/div[2]/div[2]/div[2]/div[1]/div[2]/div[2]/div[2]/div/div/div[2]/div[2]/div[4]/div[4]"}
  (Session info: chrome=116.0.5845.141)
For documentation on this error, please visit: https://www.selenium.dev/documentation/webdriver/troubleshooting/errors#no-such-element-exception
Build info: version: '4.11.0', revision: '040bc5406b'
System info: os.name: 'Windows 11', os.arch: 'amd64', os.version: '10.0', java.version: '17.0.7'
Driver info: org.openqa.selenium.chrome.ChromeDriver
Command: [ae532330aae2820dbc958a239df5d19e, findElement {using=xpath, value=/html/body/div[2]/div/div/div[2]/div[2]/div[2]/div[1]/div[2]/div[2]/div[2]/div/div/div[2]/div[2]/div[4]/div[4]}]
Capabilities {acceptInsecureCerts: false, browserName: chrome, browserVersion: 116.0.5845.141, chrome: {chromedriverVersion: 116.0.5845.96 (1a3918166880..., userDataDir: C:\Users\arbaz\AppData\Loca...}, fedcm:accounts: true, goog:chromeOptions: {debuggerAddress: localhost:62391}, networkConnectionEnabled: false, pageLoadStrategy: normal, platformName: windows, proxy: Proxy(), se:cdp: ws://localhost:62391/devtoo..., se:cdpVersion: 116.0.5845.141, setWindowRect: true, strictFileInteractability: false, timeouts: {implicit: 0, pageLoad: 300000, script: 30000}, unhandledPromptBehavior: dismiss and notify, webauthn:extension:credBlob: true, webauthn:extension:largeBlob: true, webauthn:extension:minPinLength: true, webauthn:extension:prf: true, webauthn:virtualAuthenticators: true}
Session ID: ae532330aae2820dbc958a239df5d19e]]>
            </message>
            <full-stacktrace>
              <![CDATA[org.openqa.selenium.NoSuchElementException: no such element: Unable to locate element: {"method":"xpath","selector":"/html/body/div[2]/div/div/div[2]/div[2]/div[2]/div[1]/div[2]/div[2]/div[2]/div/div/div[2]/div[2]/div[4]/div[4]"}
  (Session info: chrome=116.0.5845.141)
For documentation on this error, please visit: https://www.selenium.dev/documentation/webdriver/troubleshooting/errors#no-such-element-exception
Build info: version: '4.11.0', revision: '040bc5406b'
System info: os.name: 'Windows 11', os.arch: 'amd64', os.version: '10.0', java.version: '17.0.7'
Driver info: org.openqa.selenium.chrome.ChromeDriver
Command: [ae532330aae2820dbc958a239df5d19e, findElement {using=xpath, value=/html/body/div[2]/div/div/div[2]/div[2]/div[2]/div[1]/div[2]/div[2]/div[2]/div/div/div[2]/div[2]/div[4]/div[4]}]
Capabilities {acceptInsecureCerts: false, browserName: chrome, browserVersion: 116.0.5845.141, chrome: {chromedriverVersion: 116.0.5845.96 (1a3918166880..., userDataDir: C:\Users\arbaz\AppData\Loca...}, fedcm:accounts: true, goog:chromeOptions: {debuggerAddress: localhost:62391}, networkConnectionEnabled: false, pageLoadStrategy: normal, platformName: windows, proxy: Proxy(), se:cdp: ws://localhost:62391/devtoo..., se:cdpVersion: 116.0.5845.141, setWindowRect: true, strictFileInteractability: false, timeouts: {implicit: 0, pageLoad: 300000, script: 30000}, unhandledPromptBehavior: dismiss and notify, webauthn:extension:credBlob: true, webauthn:extension:largeBlob: true, webauthn:extension:minPinLength: true, webauthn:extension:prf: true, webauthn:virtualAuthenticators: true}
Session ID: ae532330aae2820dbc958a239df5d19e
at java.base/jdk.internal.reflect.NativeConstructorAccessorImpl.newInstance0(Native Method)
at java.base/jdk.internal.reflect.NativeConstructorAccessorImpl.newInstance(NativeConstructorAccessorImpl.java:77)
at java.base/jdk.internal.reflect.DelegatingConstructorAccessorImpl.newInstance(DelegatingConstructorAccessorImpl.java:45)
at java.base/java.lang.reflect.Constructor.newInstanceWithCaller(Constructor.java:499)
at java.base/java.lang.reflect.Constructor.newInstance(Constructor.java:480)
at org.openqa.selenium.remote.codec.w3c.W3CHttpResponseCodec.createException(W3CHttpResponseCodec.java:200)
at org.openqa.selenium.remote.codec.w3c.W3CHttpResponseCodec.decode(W3CHttpResponseCodec.java:133)
at org.openqa.selenium.remote.codec.w3c.W3CHttpResponseCodec.decode(W3CHttpResponseCodec.java:52)
at org.openqa.selenium.remote.HttpCommandExecutor.execute(HttpCommandExecutor.java:191)
at org.openqa.selenium.remote.service.DriverCommandExecutor.invokeExecute(DriverCommandExecutor.java:196)
at org.openqa.selenium.remote.service.DriverCommandExecutor.execute(DriverCommandExecutor.java:171)
at org.openqa.selenium.remote.RemoteWebDriver.execute(RemoteWebDriver.java:518)
at org.openqa.selenium.remote.ElementLocation$ElementFinder$2.findElement(ElementLocation.java:165)
at org.openqa.selenium.remote.ElementLocation.findElement(ElementLocation.java:59)
at org.openqa.selenium.remote.RemoteWebDriver.findElement(RemoteWebDriver.java:355)
at org.openqa.selenium.remote.RemoteWebDriver.findElement(RemoteWebDriver.java:349)
at com.DemoQA.Widgets.testDatePicker(Widgets.java:276)
at java.base/jdk.internal.reflect.NativeMethodAccessorImpl.invoke0(Native Method)
at java.base/jdk.internal.reflect.NativeMethodAccessorImpl.invoke(NativeMethodAccessorImpl.java:77)
at java.base/jdk.internal.reflect.DelegatingMethodAccessorImpl.invoke(DelegatingMethodAccessorImpl.java:43)
at java.base/java.lang.reflect.Method.invoke(Method.java:568)
at org.testng.internal.invokers.MethodInvocationHelper.invokeMethod(MethodInvocationHelper.java:139)
at org.testng.internal.invokers.TestInvoker.invokeMethod(TestInvoker.java:677)
at org.testng.internal.invokers.TestInvoker.invokeTestMethod(TestInvoker.java:221)
at org.testng.internal.invokers.MethodRunner.runInSequence(MethodRunner.java:50)
at org.testng.internal.invokers.TestInvoker$MethodInvocationAgent.invoke(TestInvoker.java:962)
at org.testng.internal.invokers.TestInvoker.invokeTestMethods(TestInvoker.java:194)
at org.testng.internal.invokers.TestMethodWorker.invokeTestMethods(TestMethodWorker.java:148)
at org.testng.internal.invokers.TestMethodWorker.run(TestMethodWorker.java:128)
at java.base/java.util.ArrayList.forEach(ArrayList.java:1511)
at org.testng.TestRunner.privateRun(TestRunner.java:806)
at org.testng.TestRunner.run(TestRunner.java:601)
at org.testng.SuiteRunner.runTest(SuiteRunner.java:433)
at org.testng.SuiteRunner.runSequentially(SuiteRunner.java:427)
at org.testng.SuiteRunner.privateRun(SuiteRunner.java:387)
at org.testng.SuiteRunner.run(SuiteRunner.java:330)
at org.testng.SuiteRunnerWorker.runSuite(SuiteRunnerWorker.java:52)
at org.testng.SuiteRunnerWorker.run(SuiteRunnerWorker.java:95)
at org.testng.TestNG.runSuitesSequentially(TestNG.java:1256)
at org.testng.TestNG.runSuitesLocally(TestNG.java:1176)
at org.testng.TestNG.runSuites(TestNG.java:1099)
at org.testng.TestNG.run(TestNG.java:1067)
at org.testng.remote.AbstractRemoteTestNG.run(AbstractRemoteTestNG.java:115)
at org.testng.remote.RemoteTestNG.initAndRun(RemoteTestNG.java:251)
at org.testng.remote.RemoteTestNG.main(RemoteTestNG.java:77)
]]>
            </full-stacktrace>
          </exception> <!-- org.openqa.selenium.NoSuchElementException -->
          <reporter-output>
          </reporter-output>
        </test-method> <!-- testDatePicker -->
        <test-method is-config="true" signature="tearDown()[pri:0, instance:com.DemoQA.Widgets@5e2c3d18]" started-at="2023-09-04T19:05:56 IST" name="tearDown" finished-at="2023-09-04T19:05:56 IST" duration-ms="260" status="PASS">
          <reporter-output>
          </reporter-output>
        </test-method> <!-- tearDown -->
        <test-method is-config="true" signature="setUp()[pri:0, instance:com.DemoQA.Widgets@5e2c3d18]" started-at="2023-09-04T19:05:56 IST" name="setUp" finished-at="2023-09-04T19:06:11 IST" duration-ms="14472" status="PASS">
          <reporter-output>
          </reporter-output>
        </test-method> <!-- setUp -->
        <test-method signature="testMenu()[pri:0, instance:com.DemoQA.Widgets@5e2c3d18]" started-at="2023-09-04T19:06:11 IST" name="testMenu" finished-at="2023-09-04T19:06:21 IST" duration-ms="10281" status="PASS">
          <reporter-output>
          </reporter-output>
        </test-method> <!-- testMenu -->
        <test-method is-config="true" signature="tearDown()[pri:0, instance:com.DemoQA.Widgets@5e2c3d18]" started-at="2023-09-04T19:06:21 IST" name="tearDown" finished-at="2023-09-04T19:06:21 IST" duration-ms="250" status="PASS">
          <reporter-output>
          </reporter-output>
        </test-method> <!-- tearDown -->
        <test-method is-config="true" signature="setUp()[pri:0, instance:com.DemoQA.Widgets@5e2c3d18]" started-at="2023-09-04T19:06:21 IST" name="setUp" finished-at="2023-09-04T19:06:30 IST" duration-ms="9107" status="PASS">
          <reporter-output>
          </reporter-output>
        </test-method> <!-- setUp -->
        <test-method signature="testProgrssBar()[pri:0, instance:com.DemoQA.Widgets@5e2c3d18]" started-at="2023-09-04T19:06:30 IST" name="testProgrssBar" finished-at="2023-09-04T19:07:12 IST" duration-ms="41230" status="PASS">
          <reporter-output>
          </reporter-output>
        </test-method> <!-- testProgrssBar -->
        <test-method is-config="true" signature="tearDown()[pri:0, instance:com.DemoQA.Widgets@5e2c3d18]" started-at="2023-09-04T19:07:12 IST" name="tearDown" finished-at="2023-09-04T19:07:12 IST" duration-ms="329" status="PASS">
          <reporter-output>
          </reporter-output>
        </test-method> <!-- tearDown -->
        <test-method is-config="true" signature="setUp()[pri:0, instance:com.DemoQA.Widgets@5e2c3d18]" started-at="2023-09-04T19:07:12 IST" name="setUp" finished-at="2023-09-04T19:07:24 IST" duration-ms="11832" status="PASS">
          <reporter-output>
          </reporter-output>
        </test-method> <!-- setUp -->
        <test-method signature="testSlider()[pri:0, instance:com.DemoQA.Widgets@5e2c3d18]" started-at="2023-09-04T19:07:24 IST" name="testSlider" finished-at="2023-09-04T19:07:33 IST" duration-ms="8999" status="PASS">
          <reporter-output>
          </reporter-output>
        </test-method> <!-- testSlider -->
        <test-method is-config="true" signature="tearDown()[pri:0, instance:com.DemoQA.Widgets@5e2c3d18]" started-at="2023-09-04T19:07:33 IST" name="tearDown" finished-at="2023-09-04T19:07:33 IST" duration-ms="237" status="PASS">
          <reporter-output>
          </reporter-output>
        </test-method> <!-- tearDown -->
        <test-method is-config="true" signature="setUp()[pri:0, instance:com.DemoQA.Widgets@5e2c3d18]" started-at="2023-09-04T19:07:33 IST" name="setUp" finished-at="2023-09-04T19:07:44 IST" duration-ms="10929" status="PASS">
          <reporter-output>
          </reporter-output>
        </test-method> <!-- setUp -->
        <test-method signature="testToolTip()[pri:0, instance:com.DemoQA.Widgets@5e2c3d18]" started-at="2023-09-04T19:07:44 IST" name="testToolTip" finished-at="2023-09-04T19:07:55 IST" duration-ms="11009" status="PASS">
          <reporter-output>
          </reporter-output>
        </test-method> <!-- testToolTip -->
        <test-method is-config="true" signature="tearDown()[pri:0, instance:com.DemoQA.Widgets@5e2c3d18]" started-at="2023-09-04T19:07:55 IST" name="tearDown" finished-at="2023-09-04T19:07:55 IST" duration-ms="251" status="PASS">
          <reporter-output>
          </reporter-output>
        </test-method> <!-- tearDown -->
      </class> <!-- com.DemoQA.Widgets -->
      <class name="com.DemoQA.Forms">
        <test-method is-config="true" signature="setUp()[pri:0, instance:com.DemoQA.Forms@68c9133c]" started-at="2023-09-04T19:01:24 IST" name="setUp" finished-at="2023-09-04T19:01:43 IST" duration-ms="18219" status="PASS">
          <reporter-output>
          </reporter-output>
        </test-method> <!-- setUp -->
        <test-method signature="testPracticeForm()[pri:0, instance:com.DemoQA.Forms@68c9133c]" started-at="2023-09-04T19:01:43 IST" name="testPracticeForm" finished-at="2023-09-04T19:01:57 IST" duration-ms="13882" status="PASS">
          <reporter-output>
          </reporter-output>
        </test-method> <!-- testPracticeForm -->
        <test-method is-config="true" signature="tearDown()[pri:0, instance:com.DemoQA.Forms@68c9133c]" started-at="2023-09-04T19:01:57 IST" name="tearDown" finished-at="2023-09-04T19:01:57 IST" duration-ms="270" status="PASS">
          <reporter-output>
          </reporter-output>
        </test-method> <!-- tearDown -->
      </class> <!-- com.DemoQA.Forms -->
      <class name="com.DemoQA.Elements">
        <test-method is-config="true" signature="setUp()[pri:0, instance:com.DemoQA.Elements@17f62e33]" started-at="2023-09-04T18:58:10 IST" name="setUp" finished-at="2023-09-04T18:58:27 IST" duration-ms="16295" status="PASS">
          <reporter-output>
          </reporter-output>
        </test-method> <!-- setUp -->
        <test-method signature="testBrokenLink()[pri:0, instance:com.DemoQA.Elements@17f62e33]" started-at="2023-09-04T18:58:27 IST" name="testBrokenLink" finished-at="2023-09-04T18:58:31 IST" duration-ms="4713" status="PASS">
          <reporter-output>
          </reporter-output>
        </test-method> <!-- testBrokenLink -->
        <test-method is-config="true" signature="tearDown()[pri:0, instance:com.DemoQA.Elements@17f62e33]" started-at="2023-09-04T18:58:31 IST" name="tearDown" finished-at="2023-09-04T18:58:32 IST" duration-ms="379" status="PASS">
          <reporter-output>
          </reporter-output>
        </test-method> <!-- tearDown -->
        <test-method is-config="true" signature="setUp()[pri:0, instance:com.DemoQA.Elements@17f62e33]" started-at="2023-09-04T18:58:32 IST" name="setUp" finished-at="2023-09-04T18:58:45 IST" duration-ms="13002" status="PASS">
          <reporter-output>
          </reporter-output>
        </test-method> <!-- setUp -->
        <test-method signature="testButton()[pri:0, instance:com.DemoQA.Elements@17f62e33]" started-at="2023-09-04T18:58:45 IST" name="testButton" finished-at="2023-09-04T18:58:53 IST" duration-ms="8835" status="PASS">
          <reporter-output>
          </reporter-output>
        </test-method> <!-- testButton -->
        <test-method is-config="true" signature="tearDown()[pri:0, instance:com.DemoQA.Elements@17f62e33]" started-at="2023-09-04T18:58:53 IST" name="tearDown" finished-at="2023-09-04T18:58:54 IST" duration-ms="339" status="PASS">
          <reporter-output>
          </reporter-output>
        </test-method> <!-- tearDown -->
        <test-method is-config="true" signature="setUp()[pri:0, instance:com.DemoQA.Elements@17f62e33]" started-at="2023-09-04T18:58:54 IST" name="setUp" finished-at="2023-09-04T18:59:03 IST" duration-ms="9279" status="PASS">
          <reporter-output>
          </reporter-output>
        </test-method> <!-- setUp -->
        <test-method signature="testCheckbox()[pri:0, instance:com.DemoQA.Elements@17f62e33]" started-at="2023-09-04T18:59:03 IST" name="testCheckbox" finished-at="2023-09-04T18:59:16 IST" duration-ms="13110" status="PASS">
          <reporter-output>
          </reporter-output>
        </test-method> <!-- testCheckbox -->
        <test-method is-config="true" signature="tearDown()[pri:0, instance:com.DemoQA.Elements@17f62e33]" started-at="2023-09-04T18:59:16 IST" name="tearDown" finished-at="2023-09-04T18:59:16 IST" duration-ms="251" status="PASS">
          <reporter-output>
          </reporter-output>
        </test-method> <!-- tearDown -->
        <test-method is-config="true" signature="setUp()[pri:0, instance:com.DemoQA.Elements@17f62e33]" started-at="2023-09-04T18:59:16 IST" name="setUp" finished-at="2023-09-04T18:59:27 IST" duration-ms="10382" status="PASS">
          <reporter-output>
          </reporter-output>
        </test-method> <!-- setUp -->
        <test-method signature="testLinks()[pri:0, instance:com.DemoQA.Elements@17f62e33]" started-at="2023-09-04T18:59:27 IST" name="testLinks" finished-at="2023-09-04T18:59:41 IST" duration-ms="13870" status="PASS">
          <reporter-output>
          </reporter-output>
        </test-method> <!-- testLinks -->
        <test-method is-config="true" signature="tearDown()[pri:0, instance:com.DemoQA.Elements@17f62e33]" started-at="2023-09-04T18:59:41 IST" name="tearDown" finished-at="2023-09-04T18:59:41 IST" duration-ms="236" status="PASS">
          <reporter-output>
          </reporter-output>
        </test-method> <!-- tearDown -->
        <test-method is-config="true" signature="setUp()[pri:0, instance:com.DemoQA.Elements@17f62e33]" started-at="2023-09-04T18:59:41 IST" name="setUp" finished-at="2023-09-04T18:59:54 IST" duration-ms="12809" status="PASS">
          <reporter-output>
          </reporter-output>
        </test-method> <!-- setUp -->
        <test-method signature="testRadioButton()[pri:0, instance:com.DemoQA.Elements@17f62e33]" started-at="2023-09-04T18:59:54 IST" name="testRadioButton" finished-at="2023-09-04T18:59:58 IST" duration-ms="4299" status="PASS">
          <reporter-output>
          </reporter-output>
        </test-method> <!-- testRadioButton -->
        <test-method is-config="true" signature="tearDown()[pri:0, instance:com.DemoQA.Elements@17f62e33]" started-at="2023-09-04T18:59:58 IST" name="tearDown" finished-at="2023-09-04T18:59:58 IST" duration-ms="278" status="PASS">
          <reporter-output>
          </reporter-output>
        </test-method> <!-- tearDown -->
        <test-method is-config="true" signature="setUp()[pri:0, instance:com.DemoQA.Elements@17f62e33]" started-at="2023-09-04T18:59:58 IST" name="setUp" finished-at="2023-09-04T19:00:09 IST" duration-ms="10232" status="PASS">
          <reporter-output>
          </reporter-output>
        </test-method> <!-- setUp -->
        <test-method signature="testTextbox()[pri:0, instance:com.DemoQA.Elements@17f62e33]" started-at="2023-09-04T19:00:09 IST" name="testTextbox" finished-at="2023-09-04T19:00:15 IST" duration-ms="6817" status="PASS">
          <reporter-output>
          </reporter-output>
        </test-method> <!-- testTextbox -->
        <test-method is-config="true" signature="tearDown()[pri:0, instance:com.DemoQA.Elements@17f62e33]" started-at="2023-09-04T19:00:15 IST" name="tearDown" finished-at="2023-09-04T19:00:16 IST" duration-ms="270" status="PASS">
          <reporter-output>
          </reporter-output>
        </test-method> <!-- tearDown -->
        <test-method is-config="true" signature="setUp()[pri:0, instance:com.DemoQA.Elements@17f62e33]" started-at="2023-09-04T19:00:16 IST" name="setUp" finished-at="2023-09-04T19:00:33 IST" duration-ms="17513" status="PASS">
          <reporter-output>
          </reporter-output>
        </test-method> <!-- setUp -->
        <test-method signature="testUploadAndDownload()[pri:0, instance:com.DemoQA.Elements@17f62e33]" started-at="2023-09-04T19:00:33 IST" name="testUploadAndDownload" finished-at="2023-09-04T19:00:45 IST" duration-ms="12086" status="PASS">
          <reporter-output>
          </reporter-output>
        </test-method> <!-- testUploadAndDownload -->
        <test-method is-config="true" signature="tearDown()[pri:0, instance:com.DemoQA.Elements@17f62e33]" started-at="2023-09-04T19:00:45 IST" name="tearDown" finished-at="2023-09-04T19:00:46 IST" duration-ms="261" status="PASS">
          <reporter-output>
          </reporter-output>
        </test-method> <!-- tearDown -->
        <test-method is-config="true" signature="setUp()[pri:0, instance:com.DemoQA.Elements@17f62e33]" started-at="2023-09-04T19:00:46 IST" name="setUp" finished-at="2023-09-04T19:01:04 IST" duration-ms="18700" status="PASS">
          <reporter-output>
          </reporter-output>
        </test-method> <!-- setUp -->
        <test-method signature="testWebTable()[pri:0, instance:com.DemoQA.Elements@17f62e33]" started-at="2023-09-04T19:01:04 IST" name="testWebTable" finished-at="2023-09-04T19:01:24 IST" duration-ms="19971" status="PASS">
          <reporter-output>
          </reporter-output>
        </test-method> <!-- testWebTable -->
        <test-method is-config="true" signature="tearDown()[pri:0, instance:com.DemoQA.Elements@17f62e33]" started-at="2023-09-04T19:01:24 IST" name="tearDown" finished-at="2023-09-04T19:01:24 IST" duration-ms="255" status="PASS">
          <reporter-output>
          </reporter-output>
        </test-method> <!-- tearDown -->
      </class> <!-- com.DemoQA.Elements -->
      <class name="com.DemoQA.AlertsFrameAndWindows">
        <test-method is-config="true" signature="setUp()[pri:0, instance:com.DemoQA.AlertsFrameAndWindows@7a35b0f5]" started-at="2023-09-04T19:01:57 IST" name="setUp" finished-at="2023-09-04T19:02:07 IST" duration-ms="9853" status="PASS">
          <reporter-output>
          </reporter-output>
        </test-method> <!-- setUp -->
        <test-method signature="testAlerts()[pri:0, instance:com.DemoQA.AlertsFrameAndWindows@7a35b0f5]" started-at="2023-09-04T19:02:07 IST" name="testAlerts" finished-at="2023-09-04T19:02:29 IST" duration-ms="22264" status="PASS">
          <reporter-output>
          </reporter-output>
        </test-method> <!-- testAlerts -->
        <test-method is-config="true" signature="tearDown()[pri:0, instance:com.DemoQA.AlertsFrameAndWindows@7a35b0f5]" started-at="2023-09-04T19:02:29 IST" name="tearDown" finished-at="2023-09-04T19:02:29 IST" duration-ms="275" status="PASS">
          <reporter-output>
          </reporter-output>
        </test-method> <!-- tearDown -->
        <test-method is-config="true" signature="setUp()[pri:0, instance:com.DemoQA.AlertsFrameAndWindows@7a35b0f5]" started-at="2023-09-04T19:02:29 IST" name="setUp" finished-at="2023-09-04T19:02:48 IST" duration-ms="19232" status="PASS">
          <reporter-output>
          </reporter-output>
        </test-method> <!-- setUp -->
        <test-method signature="testBrowserWindow()[pri:0, instance:com.DemoQA.AlertsFrameAndWindows@7a35b0f5]" started-at="2023-09-04T19:02:48 IST" name="testBrowserWindow" finished-at="2023-09-04T19:03:08 IST" duration-ms="19473" status="PASS">
          <reporter-output>
          </reporter-output>
        </test-method> <!-- testBrowserWindow -->
        <test-method is-config="true" signature="tearDown()[pri:0, instance:com.DemoQA.AlertsFrameAndWindows@7a35b0f5]" started-at="2023-09-04T19:03:08 IST" name="tearDown" finished-at="2023-09-04T19:03:08 IST" duration-ms="301" status="PASS">
          <reporter-output>
          </reporter-output>
        </test-method> <!-- tearDown -->
        <test-method is-config="true" signature="setUp()[pri:0, instance:com.DemoQA.AlertsFrameAndWindows@7a35b0f5]" started-at="2023-09-04T19:03:08 IST" name="setUp" finished-at="2023-09-04T19:03:23 IST" duration-ms="14324" status="PASS">
          <reporter-output>
          </reporter-output>
        </test-method> <!-- setUp -->
        <test-method signature="testFrame()[pri:0, instance:com.DemoQA.AlertsFrameAndWindows@7a35b0f5]" started-at="2023-09-04T19:03:23 IST" name="testFrame" finished-at="2023-09-04T19:03:28 IST" duration-ms="5404" status="PASS">
          <reporter-output>
          </reporter-output>
        </test-method> <!-- testFrame -->
        <test-method is-config="true" signature="tearDown()[pri:0, instance:com.DemoQA.AlertsFrameAndWindows@7a35b0f5]" started-at="2023-09-04T19:03:28 IST" name="tearDown" finished-at="2023-09-04T19:03:28 IST" duration-ms="318" status="PASS">
          <reporter-output>
          </reporter-output>
        </test-method> <!-- tearDown -->
        <test-method is-config="true" signature="setUp()[pri:0, instance:com.DemoQA.AlertsFrameAndWindows@7a35b0f5]" started-at="2023-09-04T19:03:28 IST" name="setUp" finished-at="2023-09-04T19:04:00 IST" duration-ms="31831" status="PASS">
          <reporter-output>
          </reporter-output>
        </test-method> <!-- setUp -->
        <test-method signature="testModelDialogs()[pri:0, instance:com.DemoQA.AlertsFrameAndWindows@7a35b0f5]" started-at="2023-09-04T19:04:00 IST" name="testModelDialogs" finished-at="2023-09-04T19:04:14 IST" duration-ms="13418" status="PASS">
          <reporter-output>
          </reporter-output>
        </test-method> <!-- testModelDialogs -->
        <test-method is-config="true" signature="tearDown()[pri:0, instance:com.DemoQA.AlertsFrameAndWindows@7a35b0f5]" started-at="2023-09-04T19:04:14 IST" name="tearDown" finished-at="2023-09-04T19:04:14 IST" duration-ms="251" status="PASS">
          <reporter-output>
          </reporter-output>
        </test-method> <!-- tearDown -->
        <test-method is-config="true" signature="setUp()[pri:0, instance:com.DemoQA.AlertsFrameAndWindows@7a35b0f5]" started-at="2023-09-04T19:04:14 IST" name="setUp" finished-at="2023-09-04T19:04:33 IST" duration-ms="19714" status="PASS">
          <reporter-output>
          </reporter-output>
        </test-method> <!-- setUp -->
        <test-method signature="testNestedFrame()[pri:0, instance:com.DemoQA.AlertsFrameAndWindows@7a35b0f5]" started-at="2023-09-04T19:04:33 IST" name="testNestedFrame" finished-at="2023-09-04T19:04:35 IST" duration-ms="1113" status="PASS">
          <reporter-output>
          </reporter-output>
        </test-method> <!-- testNestedFrame -->
        <test-method is-config="true" signature="tearDown()[pri:0, instance:com.DemoQA.AlertsFrameAndWindows@7a35b0f5]" started-at="2023-09-04T19:04:35 IST" name="tearDown" finished-at="2023-09-04T19:04:35 IST" duration-ms="206" status="PASS">
          <reporter-output>
          </reporter-output>
        </test-method> <!-- tearDown -->
      </class> <!-- com.DemoQA.AlertsFrameAndWindows -->
      <class name="com.DemoQA.Interactions">
        <test-method is-config="true" signature="setUp()[pri:0, instance:com.DemoQA.Interactions@2cb4893b]" started-at="2023-09-04T19:07:55 IST" name="setUp" finished-at="2023-09-04T19:08:10 IST" duration-ms="14743" status="PASS">
          <reporter-output>
          </reporter-output>
        </test-method> <!-- setUp -->
        <test-method signature="testDraggable()[pri:0, instance:com.DemoQA.Interactions@2cb4893b]" started-at="2023-09-04T19:08:10 IST" name="testDraggable" finished-at="2023-09-04T19:08:16 IST" duration-ms="5935" status="PASS">
          <reporter-output>
          </reporter-output>
        </test-method> <!-- testDraggable -->
        <test-method is-config="true" signature="tearDown()[pri:0, instance:com.DemoQA.Interactions@2cb4893b]" started-at="2023-09-04T19:08:16 IST" name="tearDown" finished-at="2023-09-04T19:08:16 IST" duration-ms="363" status="PASS">
          <reporter-output>
          </reporter-output>
        </test-method> <!-- tearDown -->
        <test-method is-config="true" signature="setUp()[pri:0, instance:com.DemoQA.Interactions@2cb4893b]" started-at="2023-09-04T19:08:16 IST" name="setUp" finished-at="2023-09-04T19:08:34 IST" duration-ms="17915" status="PASS">
          <reporter-output>
          </reporter-output>
        </test-method> <!-- setUp -->
        <test-method signature="testDroppable()[pri:0, instance:com.DemoQA.Interactions@2cb4893b]" started-at="2023-09-04T19:08:34 IST" name="testDroppable" finished-at="2023-09-04T19:08:42 IST" duration-ms="7976" status="PASS">
          <reporter-output>
          </reporter-output>
        </test-method> <!-- testDroppable -->
        <test-method is-config="true" signature="tearDown()[pri:0, instance:com.DemoQA.Interactions@2cb4893b]" started-at="2023-09-04T19:08:42 IST" name="tearDown" finished-at="2023-09-04T19:08:42 IST" duration-ms="267" status="PASS">
          <reporter-output>
          </reporter-output>
        </test-method> <!-- tearDown -->
        <test-method is-config="true" signature="setUp()[pri:0, instance:com.DemoQA.Interactions@2cb4893b]" started-at="2023-09-04T19:08:42 IST" name="setUp" finished-at="2023-09-04T19:08:51 IST" duration-ms="8745" status="PASS">
          <reporter-output>
          </reporter-output>
        </test-method> <!-- setUp -->
        <test-method signature="testResizable()[pri:0, instance:com.DemoQA.Interactions@2cb4893b]" started-at="2023-09-04T19:08:51 IST" name="testResizable" finished-at="2023-09-04T19:08:59 IST" duration-ms="8086" status="PASS">
          <reporter-output>
          </reporter-output>
        </test-method> <!-- testResizable -->
        <test-method is-config="true" signature="tearDown()[pri:0, instance:com.DemoQA.Interactions@2cb4893b]" started-at="2023-09-04T19:08:59 IST" name="tearDown" finished-at="2023-09-04T19:09:00 IST" duration-ms="281" status="PASS">
          <reporter-output>
          </reporter-output>
        </test-method> <!-- tearDown -->
        <test-method is-config="true" signature="setUp()[pri:0, instance:com.DemoQA.Interactions@2cb4893b]" started-at="2023-09-04T19:09:00 IST" name="setUp" finished-at="2023-09-04T19:09:14 IST" duration-ms="14151" status="PASS">
          <reporter-output>
          </reporter-output>
        </test-method> <!-- setUp -->
        <test-method signature="testSelectable()[pri:0, instance:com.DemoQA.Interactions@2cb4893b]" started-at="2023-09-04T19:09:14 IST" name="testSelectable" finished-at="2023-09-04T19:09:21 IST" duration-ms="7177" status="PASS">
          <reporter-output>
          </reporter-output>
        </test-method> <!-- testSelectable -->
        <test-method is-config="true" signature="tearDown()[pri:0, instance:com.DemoQA.Interactions@2cb4893b]" started-at="2023-09-04T19:09:21 IST" name="tearDown" finished-at="2023-09-04T19:09:21 IST" duration-ms="249" status="PASS">
          <reporter-output>
          </reporter-output>
        </test-method> <!-- tearDown -->
        <test-method is-config="true" signature="setUp()[pri:0, instance:com.DemoQA.Interactions@2cb4893b]" started-at="2023-09-04T19:09:21 IST" name="setUp" finished-at="2023-09-04T19:09:36 IST" duration-ms="14615" status="PASS">
          <reporter-output>
          </reporter-output>
        </test-method> <!-- setUp -->
        <test-method signature="testSortable()[pri:0, instance:com.DemoQA.Interactions@2cb4893b]" started-at="2023-09-04T19:09:36 IST" name="testSortable" finished-at="2023-09-04T19:09:43 IST" duration-ms="7653" status="PASS">
          <reporter-output>
          </reporter-output>
        </test-method> <!-- testSortable -->
        <test-method is-config="true" signature="tearDown()[pri:0, instance:com.DemoQA.Interactions@2cb4893b]" started-at="2023-09-04T19:09:43 IST" name="tearDown" finished-at="2023-09-04T19:09:44 IST" duration-ms="264" status="PASS">
          <reporter-output>
          </reporter-output>
        </test-method> <!-- tearDown -->
      </class> <!-- com.DemoQA.Interactions -->
    </test> <!-- Test -->
  </suite> <!-- Suite -->
</testng-results>
